
*** Running vivado
    with args -log Top.vds -m64 -product Vivado -mode batch -messageDb vivado.pb -notrace -source Top.tcl


ECHO 处于关闭状态。
ECHO 处于关闭状态。

****** Vivado v2023.2 (64-bit)
  **** SW Build 4029153 on Fri Oct 13 20:14:34 MDT 2023
  **** IP Build 4028589 on Sat Oct 14 00:45:43 MDT 2023
  **** SharedData Build 4025554 on Tue Oct 10 17:18:54 MDT 2023
    ** Copyright 1986-2022 Xilinx, Inc. All Rights Reserved.
    ** Copyright 2022-2023 Advanced Micro Devices, Inc. All Rights Reserved.

source Top.tcl -notrace
create_project: Time (s): cpu = 00:00:03 ; elapsed = 00:00:09 . Memory (MB): peak = 484.980 ; gain = 177.074
Command: read_checkpoint -auto_incremental -incremental D:/University/CS/major-courses/dld/lab/reports/lab13/MyMarquee/MyMarquee.srcs/utils_1/imports/synth_1/Top.dcp
INFO: [Vivado 12-5825] Read reference checkpoint from D:/University/CS/major-courses/dld/lab/reports/lab13/MyMarquee/MyMarquee.srcs/utils_1/imports/synth_1/Top.dcp for incremental synthesis
INFO: [Vivado 12-7989] Please ensure there are no constraint changes
Command: synth_design -top Top -part xc7k160tffg676-2L
Starting synth_design
Attempting to get a license for feature 'Synthesis' and/or device 'xc7k160t'
INFO: [Common 17-349] Got license for feature 'Synthesis' and/or device 'xc7k160t'
INFO: [Device 21-403] Loading part xc7k160tffg676-2L
INFO: [Designutils 20-5440] No compile time benefit to using incremental synthesis; A full resynthesis will be run
INFO: [Designutils 20-4379] Flow is switching to default flow due to incremental criteria not met. If you would like to alter this behaviour and have the flow terminate instead, please set the following parameter config_implementation {autoIncr.Synth.RejectBehavior Terminate}
INFO: [Synth 8-7079] Multithreading enabled for synth_design using a maximum of 2 processes.
INFO: [Synth 8-7078] Launching helper process for spawning children vivado processes
INFO: [Synth 8-7075] Helper process launched with PID 12048

*** Running vivado
    with args -log Top.vds -m64 -product Vivado -mode batch -messageDb vivado.pb -notrace -source Top.tcl


ECHO 处于关闭状态。
ECHO 处于关闭状态。

****** Vivado v2023.2 (64-bit)
  **** SW Build 4029153 on Fri Oct 13 20:14:34 MDT 2023
  **** IP Build 4028589 on Sat Oct 14 00:45:43 MDT 2023
  **** SharedData Build 4025554 on Tue Oct 10 17:18:54 MDT 2023
    ** Copyright 1986-2022 Xilinx, Inc. All Rights Reserved.
    ** Copyright 2022-2023 Advanced Micro Devices, Inc. All Rights Reserved.

source Top.tcl -notrace
create_project: Time (s): cpu = 00:00:04 ; elapsed = 00:00:09 . Memory (MB): peak = 487.297 ; gain = 179.539
Command: read_checkpoint -auto_incremental -incremental D:/University/CS/major-courses/dld/lab/reports/lab13/MyMarquee/MyMarquee.srcs/utils_1/imports/synth_1/Top.dcp
INFO: [Vivado 12-5825] Read reference checkpoint from D:/University/CS/major-courses/dld/lab/reports/lab13/MyMarquee/MyMarquee.srcs/utils_1/imports/synth_1/Top.dcp for incremental synthesis
INFO: [Vivado 12-7989] Please ensure there are no constraint changes
Command: synth_design -top Top -part xc7k160tffg676-2L
Starting synth_design
Attempting to get a license for feature 'Synthesis' and/or device 'xc7k160t'
INFO: [Common 17-349] Got license for feature 'Synthesis' and/or device 'xc7k160t'
INFO: [Device 21-403] Loading part xc7k160tffg676-2L
INFO: [Designutils 20-5440] No compile time benefit to using incremental synthesis; A full resynthesis will be run
INFO: [Designutils 20-4379] Flow is switching to default flow due to incremental criteria not met. If you would like to alter this behaviour and have the flow terminate instead, please set the following parameter config_implementation {autoIncr.Synth.RejectBehavior Terminate}
INFO: [Synth 8-7079] Multithreading enabled for synth_design using a maximum of 2 processes.
INFO: [Synth 8-7078] Launching helper process for spawning children vivado processes
INFO: [Synth 8-7075] Helper process launched with PID 22788
---------------------------------------------------------------------------------
Starting RTL Elaboration : Time (s): cpu = 00:00:03 ; elapsed = 00:00:07 . Memory (MB): peak = 1351.418 ; gain = 440.203
---------------------------------------------------------------------------------
CRITICAL WARNING: [Synth 8-9873] overwriting previous definition of module 'FD' [D:/University/CS/major-courses/dld/lab/reports/lab13/ShiftReg8b/ShiftReg8b.srcs/sources_1/new/FD.v:16]
INFO: [Synth 8-9937] previous definition of design element 'FD' is here [D:/Vivado/2023.2/scripts/rt/data/unisim_comp.v:40773]
INFO: [Synth 8-6157] synthesizing module 'Top' [D:/University/CS/major-courses/dld/lab/reports/lab13/MyMarquee/MyMarquee.srcs/sources_1/new/Top.v:1]
INFO: [Synth 8-6157] synthesizing module 'clk_1s' [D:/University/CS/major-courses/dld/lab/reports/lab13/MyMarquee/MyMarquee.srcs/sources_1/new/clk_1s.v:3]
INFO: [Synth 8-6155] done synthesizing module 'clk_1s' (0#1) [D:/University/CS/major-courses/dld/lab/reports/lab13/MyMarquee/MyMarquee.srcs/sources_1/new/clk_1s.v:3]
INFO: [Synth 8-6157] synthesizing module 'clkdiv' [D:/University/CS/major-courses/dld/lab/reports/lab7/lab7/DisplayNumber/verilog/circuit/clkdiv.v:1]
INFO: [Synth 8-6155] done synthesizing module 'clkdiv' (0#1) [D:/University/CS/major-courses/dld/lab/reports/lab7/lab7/DisplayNumber/verilog/circuit/clkdiv.v:1]
INFO: [Synth 8-6157] synthesizing module 'CreateNumber' [D:/University/CS/major-courses/dld/lab/reports/lab13/MyMarquee/MyMarquee.srcs/sources_1/new/CreateNumber.v:1]
INFO: [Synth 8-6155] done synthesizing module 'CreateNumber' (0#1) [D:/University/CS/major-courses/dld/lab/reports/lab13/MyMarquee/MyMarquee.srcs/sources_1/new/CreateNumber.v:1]
WARNING: [Synth 8-689] width (8) of port connection 'num' does not match port width (16) of module 'CreateNumber' [D:/University/CS/major-courses/dld/lab/reports/lab13/MyMarquee/MyMarquee.srcs/sources_1/new/Top.v:19]
INFO: [Synth 8-6157] synthesizing module 'ShiftReg8b' [D:/University/CS/major-courses/dld/lab/reports/lab13/ShiftReg8b/ShiftReg8b.srcs/sources_1/new/ShiftReg8b.v:1]
INFO: [Synth 8-6157] synthesizing module 'Inputgate' [D:/University/CS/major-courses/dld/lab/reports/lab13/ShiftReg8b/ShiftReg8b.srcs/sources_1/new/InputGate.v:1]
INFO: [Synth 8-6155] done synthesizing module 'Inputgate' (0#1) [D:/University/CS/major-courses/dld/lab/reports/lab13/ShiftReg8b/ShiftReg8b.srcs/sources_1/new/InputGate.v:1]
INFO: [Synth 8-6157] synthesizing module 'FD' [D:/University/CS/major-courses/dld/lab/reports/lab13/ShiftReg8b/ShiftReg8b.srcs/sources_1/new/FD.v:1]
INFO: [Synth 8-6155] done synthesizing module 'FD' (0#1) [D:/University/CS/major-courses/dld/lab/reports/lab13/ShiftReg8b/ShiftReg8b.srcs/sources_1/new/FD.v:1]
INFO: [Synth 8-6155] done synthesizing module 'ShiftReg8b' (0#1) [D:/University/CS/major-courses/dld/lab/reports/lab13/ShiftReg8b/ShiftReg8b.srcs/sources_1/new/ShiftReg8b.v:1]
INFO: [Synth 8-6157] synthesizing module 'DisplayNumber' [D:/University/CS/major-courses/dld/lab/reports/lab7/lab7/DisplayNumber/verilog/circuit/DisplayNumber.v:9]
INFO: [Synth 8-6157] synthesizing module 'DisplaySync' [D:/University/CS/major-courses/dld/lab/reports/lab7/lab7/DisplayNumber/verilog/circuit/DisplaySync.v:9]
INFO: [Synth 8-6157] synthesizing module 'Mux4to1' [D:/University/CS/major-courses/dld/lab/reports/lab7/lab7/DisplayNumber/verilog/circuit/Mux4to1.v:9]
INFO: [Synth 8-6157] synthesizing module 'AND_GATE' [D:/University/CS/major-courses/dld/lab/reports/lab7/lab7/DisplayNumber/verilog/gates/AND_GATE.v:9]
	Parameter BubblesMask bound to: 65'b00000000000000000000000000000000000000000000000000000000000000000 
INFO: [Synth 8-6155] done synthesizing module 'AND_GATE' (0#1) [D:/University/CS/major-courses/dld/lab/reports/lab7/lab7/DisplayNumber/verilog/gates/AND_GATE.v:9]
INFO: [Synth 8-6157] synthesizing module 'OR_GATE_4_INPUTS' [D:/University/CS/major-courses/dld/lab/reports/lab7/lab7/DisplayNumber/verilog/gates/OR_GATE_4_INPUTS.v:9]
	Parameter BubblesMask bound to: 65'b00000000000000000000000000000000000000000000000000000000000000000 
INFO: [Synth 8-6155] done synthesizing module 'OR_GATE_4_INPUTS' (0#1) [D:/University/CS/major-courses/dld/lab/reports/lab7/lab7/DisplayNumber/verilog/gates/OR_GATE_4_INPUTS.v:9]
INFO: [Synth 8-6155] done synthesizing module 'Mux4to1' (0#1) [D:/University/CS/major-courses/dld/lab/reports/lab7/lab7/DisplayNumber/verilog/circuit/Mux4to1.v:9]
INFO: [Synth 8-6157] synthesizing module 'Mux4to1b4' [D:/University/CS/major-courses/dld/lab/reports/lab7/lab7/DisplayNumber/verilog/circuit/Mux4to1b4.v:9]
INFO: [Synth 8-6155] done synthesizing module 'Mux4to1b4' (0#1) [D:/University/CS/major-courses/dld/lab/reports/lab7/lab7/DisplayNumber/verilog/circuit/Mux4to1b4.v:9]
INFO: [Synth 8-6155] done synthesizing module 'DisplaySync' (0#1) [D:/University/CS/major-courses/dld/lab/reports/lab7/lab7/DisplayNumber/verilog/circuit/DisplaySync.v:9]
INFO: [Synth 8-6157] synthesizing module 'MyMC14495' [D:/University/CS/major-courses/dld/lab/reports/lab7/lab7/DisplayNumber/verilog/circuit/MyMC14495.v:9]
INFO: [Synth 8-6157] synthesizing module 'AND_GATE_3_INPUTS' [D:/University/CS/major-courses/dld/lab/reports/lab7/lab7/DisplayNumber/verilog/gates/AND_GATE_3_INPUTS.v:9]
	Parameter BubblesMask bound to: 65'b00000000000000000000000000000000000000000000000000000000000000000 
INFO: [Synth 8-6155] done synthesizing module 'AND_GATE_3_INPUTS' (0#1) [D:/University/CS/major-courses/dld/lab/reports/lab7/lab7/DisplayNumber/verilog/gates/AND_GATE_3_INPUTS.v:9]
INFO: [Synth 8-6157] synthesizing module 'OR_GATE_3_INPUTS' [D:/University/CS/major-courses/dld/lab/reports/lab7/lab7/DisplayNumber/verilog/gates/OR_GATE_3_INPUTS.v:9]
	Parameter BubblesMask bound to: 65'b00000000000000000000000000000000000000000000000000000000000000000 
INFO: [Synth 8-6155] done synthesizing module 'OR_GATE_3_INPUTS' (0#1) [D:/University/CS/major-courses/dld/lab/reports/lab7/lab7/DisplayNumber/verilog/gates/OR_GATE_3_INPUTS.v:9]
INFO: [Synth 8-6157] synthesizing module 'AND_GATE_4_INPUTS' [D:/University/CS/major-courses/dld/lab/reports/lab7/lab7/DisplayNumber/verilog/gates/AND_GATE_4_INPUTS.v:9]
	Parameter BubblesMask bound to: 65'b00000000000000000000000000000000000000000000000000000000000000000 
INFO: [Synth 8-6155] done synthesizing module 'AND_GATE_4_INPUTS' (0#1) [D:/University/CS/major-courses/dld/lab/reports/lab7/lab7/DisplayNumber/verilog/gates/AND_GATE_4_INPUTS.v:9]
INFO: [Synth 8-6157] synthesizing module 'OR_GATE' [D:/University/CS/major-courses/dld/lab/reports/lab7/lab7/DisplayNumber/verilog/gates/OR_GATE.v:9]
	Parameter BubblesMask bound to: 65'b00000000000000000000000000000000000000000000000000000000000000000 
INFO: [Synth 8-6155] done synthesizing module 'OR_GATE' (0#1) [D:/University/CS/major-courses/dld/lab/reports/lab7/lab7/DisplayNumber/verilog/gates/OR_GATE.v:9]
INFO: [Synth 8-6155] done synthesizing module 'MyMC14495' (0#1) [D:/University/CS/major-courses/dld/lab/reports/lab7/lab7/DisplayNumber/verilog/circuit/MyMC14495.v:9]
INFO: [Synth 8-6155] done synthesizing module 'DisplayNumber' (0#1) [D:/University/CS/major-courses/dld/lab/reports/lab7/lab7/DisplayNumber/verilog/circuit/DisplayNumber.v:9]
INFO: [Synth 8-6157] synthesizing module 'pbdebounce' [D:/University/CS/major-courses/dld/lab/reports/lab13/MyMarquee/MyMarquee.srcs/sources_1/new/pbdebounce.v:1]
INFO: [Synth 8-6155] done synthesizing module 'pbdebounce' (0#1) [D:/University/CS/major-courses/dld/lab/reports/lab13/MyMarquee/MyMarquee.srcs/sources_1/new/pbdebounce.v:1]
INFO: [Synth 8-6155] done synthesizing module 'Top' (0#1) [D:/University/CS/major-courses/dld/lab/reports/lab13/MyMarquee/MyMarquee.srcs/sources_1/new/Top.v:1]
WARNING: [Synth 8-3917] design Top has port BTN_X driven by constant 0
WARNING: [Synth 8-7129] Port SW[1] in module Top is either unconnected or has no load
WARNING: [Synth 8-7129] Port SW[0] in module Top is either unconnected or has no load
---------------------------------------------------------------------------------
Finished RTL Elaboration : Time (s): cpu = 00:00:04 ; elapsed = 00:00:10 . Memory (MB): peak = 1460.379 ; gain = 549.164
---------------------------------------------------------------------------------
---------------------------------------------------------------------------------
Start Handling Custom Attributes
---------------------------------------------------------------------------------
---------------------------------------------------------------------------------
Finished Handling Custom Attributes : Time (s): cpu = 00:00:04 ; elapsed = 00:00:10 . Memory (MB): peak = 1460.379 ; gain = 549.164
---------------------------------------------------------------------------------
---------------------------------------------------------------------------------
Finished RTL Optimization Phase 1 : Time (s): cpu = 00:00:04 ; elapsed = 00:00:10 . Memory (MB): peak = 1460.379 ; gain = 549.164
---------------------------------------------------------------------------------
Netlist sorting complete. Time (s): cpu = 00:00:00 ; elapsed = 00:00:00.004 . Memory (MB): peak = 1460.379 ; gain = 0.000
INFO: [Project 1-570] Preparing netlist for logic optimization

Processing XDC Constraints
Initializing timing engine
Parsing XDC File [D:/University/CS/major-courses/dld/lab/reports/lab12/My74LS161/My74LS161.srcs/constrs_1/new/constraints.xdc]
Finished Parsing XDC File [D:/University/CS/major-courses/dld/lab/reports/lab12/My74LS161/My74LS161.srcs/constrs_1/new/constraints.xdc]
INFO: [Project 1-236] Implementation specific constraints were found while reading constraint file [D:/University/CS/major-courses/dld/lab/reports/lab12/My74LS161/My74LS161.srcs/constrs_1/new/constraints.xdc]. These constraints will be ignored for synthesis but will be used in implementation. Impacted constraints are listed in the file [.Xil/Top_propImpl.xdc].
Resolution: To avoid this warning, move constraints listed in [.Xil/Top_propImpl.xdc] to another XDC file and exclude this new file from synthesis with the used_in_synthesis property (File Properties dialog in GUI) and re-run elaboration/synthesis.
Completed Processing XDC Constraints

Netlist sorting complete. Time (s): cpu = 00:00:00 ; elapsed = 00:00:00.001 . Memory (MB): peak = 1561.879 ; gain = 0.000
INFO: [Project 1-111] Unisim Transformation Summary:
No Unisim elements were transformed.

系统找不到指定的路径。
Constraint Validation Runtime : Time (s): cpu = 00:00:00 ; elapsed = 00:00:00.006 . Memory (MB): peak = 1561.879 ; gain = 0.000
INFO: [Designutils 20-5440] No compile time benefit to using incremental synthesis; A full resynthesis will be run
INFO: [Designutils 20-4379] Flow is switching to default flow due to incremental criteria not met. If you would like to alter this behaviour and have the flow terminate instead, please set the following parameter config_implementation {autoIncr.Synth.RejectBehavior Terminate}
---------------------------------------------------------------------------------
Finished Constraint Validation : Time (s): cpu = 00:00:10 ; elapsed = 00:00:21 . Memory (MB): peak = 1561.879 ; gain = 650.664
---------------------------------------------------------------------------------
---------------------------------------------------------------------------------
Start Loading Part and Timing Information
---------------------------------------------------------------------------------
Loading part: xc7k160tffg676-2L
---------------------------------------------------------------------------------
Finished Loading Part and Timing Information : Time (s): cpu = 00:00:10 ; elapsed = 00:00:21 . Memory (MB): peak = 1561.879 ; gain = 650.664
---------------------------------------------------------------------------------
---------------------------------------------------------------------------------
Start Applying 'set_property' XDC Constraints
---------------------------------------------------------------------------------
---------------------------------------------------------------------------------
Finished applying 'set_property' XDC Constraints : Time (s): cpu = 00:00:10 ; elapsed = 00:00:21 . Memory (MB): peak = 1561.879 ; gain = 650.664
---------------------------------------------------------------------------------
---------------------------------------------------------------------------------
Finished RTL Optimization Phase 2 : Time (s): cpu = 00:00:10 ; elapsed = 00:00:21 . Memory (MB): peak = 1561.879 ; gain = 650.664
---------------------------------------------------------------------------------
---------------------------------------------------------------------------------
Start RTL Component Statistics 
---------------------------------------------------------------------------------
Detailed RTL Component Info : 
+---Adders : 
	   2 Input    4 Bit       Adders := 4     
+---Registers : 
	                8 Bit    Registers := 2     
	                4 Bit    Registers := 4     
	                1 Bit    Registers := 11    
+---Muxes : 
	   2 Input    1 Bit        Muxes := 5     
---------------------------------------------------------------------------------
Finished RTL Component Statistics 
---------------------------------------------------------------------------------
---------------------------------------------------------------------------------
Start Part Resource Summary
---------------------------------------------------------------------------------
Part Resources:
DSPs: 600 (col length:100)
BRAMs: 650 (col length: RAMB18 100 RAMB36 50)
---------------------------------------------------------------------------------
Finished Part Resource Summary
---------------------------------------------------------------------------------
---------------------------------------------------------------------------------
Start Cross Boundary and Area Optimization
---------------------------------------------------------------------------------
WARNING: [Synth 8-7080] Parallel synthesis criteria is not met
WARNING: [Synth 8-3917] design Top has port BTN_X driven by constant 0
WARNING: [Synth 8-7129] Port BTN_Y[1] in module Top is either unconnected or has no load
WARNING: [Synth 8-7129] Port BTN_Y[0] in module Top is either unconnected or has no load
---------------------------------------------------------------------------------
Finished Cross Boundary and Area Optimization : Time (s): cpu = 00:00:12 ; elapsed = 00:00:25 . Memory (MB): peak = 1561.879 ; gain = 650.664
---------------------------------------------------------------------------------
---------------------------------------------------------------------------------
Start Applying XDC Timing Constraints
---------------------------------------------------------------------------------
---------------------------------------------------------------------------------
Finished Applying XDC Timing Constraints : Time (s): cpu = 00:00:15 ; elapsed = 00:00:32 . Memory (MB): peak = 1561.879 ; gain = 650.664
---------------------------------------------------------------------------------
---------------------------------------------------------------------------------
Start Timing Optimization
---------------------------------------------------------------------------------
---------------------------------------------------------------------------------
Finished Timing Optimization : Time (s): cpu = 00:00:16 ; elapsed = 00:00:33 . Memory (MB): peak = 1561.879 ; gain = 650.664
---------------------------------------------------------------------------------
---------------------------------------------------------------------------------
Start Technology Mapping
---------------------------------------------------------------------------------
---------------------------------------------------------------------------------
Finished Technology Mapping : Time (s): cpu = 00:00:16 ; elapsed = 00:00:33 . Memory (MB): peak = 1561.879 ; gain = 650.664
---------------------------------------------------------------------------------
---------------------------------------------------------------------------------
Start IO Insertion
---------------------------------------------------------------------------------
---------------------------------------------------------------------------------
Start Flattening Before IO Insertion
---------------------------------------------------------------------------------
---------------------------------------------------------------------------------
Finished Flattening Before IO Insertion
---------------------------------------------------------------------------------
---------------------------------------------------------------------------------
Start Final Netlist Cleanup
---------------------------------------------------------------------------------
---------------------------------------------------------------------------------
Finished Final Netlist Cleanup
---------------------------------------------------------------------------------
---------------------------------------------------------------------------------
Finished IO Insertion : Time (s): cpu = 00:00:19 ; elapsed = 00:00:39 . Memory (MB): peak = 1561.879 ; gain = 650.664
---------------------------------------------------------------------------------
---------------------------------------------------------------------------------
Start Renaming Generated Instances
---------------------------------------------------------------------------------
---------------------------------------------------------------------------------
Finished Renaming Generated Instances : Time (s): cpu = 00:00:19 ; elapsed = 00:00:39 . Memory (MB): peak = 1561.879 ; gain = 650.664
---------------------------------------------------------------------------------
---------------------------------------------------------------------------------
Start Rebuilding User Hierarchy
---------------------------------------------------------------------------------
---------------------------------------------------------------------------------
Finished Rebuilding User Hierarchy : Time (s): cpu = 00:00:19 ; elapsed = 00:00:39 . Memory (MB): peak = 1561.879 ; gain = 650.664
---------------------------------------------------------------------------------
---------------------------------------------------------------------------------
Start Renaming Generated Ports
---------------------------------------------------------------------------------
---------------------------------------------------------------------------------
Finished Renaming Generated Ports : Time (s): cpu = 00:00:19 ; elapsed = 00:00:39 . Memory (MB): peak = 1561.879 ; gain = 650.664
---------------------------------------------------------------------------------
---------------------------------------------------------------------------------
Start Handling Custom Attributes
---------------------------------------------------------------------------------
---------------------------------------------------------------------------------
Finished Handling Custom Attributes : Time (s): cpu = 00:00:19 ; elapsed = 00:00:39 . Memory (MB): peak = 1561.879 ; gain = 650.664
---------------------------------------------------------------------------------
---------------------------------------------------------------------------------
Start Renaming Generated Nets
---------------------------------------------------------------------------------
---------------------------------------------------------------------------------
Finished Renaming Generated Nets : Time (s): cpu = 00:00:19 ; elapsed = 00:00:39 . Memory (MB): peak = 1561.879 ; gain = 650.664
---------------------------------------------------------------------------------
---------------------------------------------------------------------------------
Start Writing Synthesis Report
---------------------------------------------------------------------------------

Report BlackBoxes: 
+-+--------------+----------+
| |BlackBox name |Instances |
+-+--------------+----------+
+-+--------------+----------+

Report Cell Usage: 
+------+-------+------+
|      |Cell   |Count |
+------+-------+------+
|1     |BUFG   |     1|
|2     |CARRY4 |    12|
|3     |LUT1   |     2|
|4     |LUT2   |    12|
|5     |LUT4   |    14|
|6     |LUT5   |     2|
|7     |LUT6   |     3|
|8     |FDRE   |    54|
|9     |IBUF   |     4|
|10    |OBUF   |    21|
+------+-------+------+
---------------------------------------------------------------------------------
Finished Writing Synthesis Report : Time (s): cpu = 00:00:19 ; elapsed = 00:00:39 . Memory (MB): peak = 1561.879 ; gain = 650.664
---------------------------------------------------------------------------------
Synthesis finished with 0 errors, 0 critical warnings and 4 warnings.
Synthesis Optimization Runtime : Time (s): cpu = 00:00:14 ; elapsed = 00:00:37 . Memory (MB): peak = 1561.879 ; gain = 549.164
Synthesis Optimization Complete : Time (s): cpu = 00:00:19 ; elapsed = 00:00:39 . Memory (MB): peak = 1561.879 ; gain = 650.664
INFO: [Project 1-571] Translating synthesized netlist
Netlist sorting complete. Time (s): cpu = 00:00:00 ; elapsed = 00:00:00.001 . Memory (MB): peak = 1561.879 ; gain = 0.000
INFO: [Netlist 29-17] Analyzing 12 Unisim elements for replacement
INFO: [Netlist 29-28] Unisim Transformation completed in 0 CPU seconds
INFO: [Project 1-570] Preparing netlist for logic optimization
INFO: [Opt 31-138] Pushed 0 inverter(s) to 0 load pin(s).
Netlist sorting complete. Time (s): cpu = 00:00:00 ; elapsed = 00:00:00.001 . Memory (MB): peak = 1561.879 ; gain = 0.000
INFO: [Project 1-111] Unisim Transformation Summary:
No Unisim elements were transformed.

系统找不到指定的路径。
Synth Design complete | Checksum: 6124afee
INFO: [Common 17-83] Releasing license: Synthesis
60 Infos, 8 Warnings, 1 Critical Warnings and 0 Errors encountered.
synth_design completed successfully
synth_design: Time (s): cpu = 00:00:22 ; elapsed = 00:00:47 . Memory (MB): peak = 1561.879 ; gain = 1071.641
INFO: [runtcl-6] Synthesis results are not added to the cache due to CRITICAL_WARNING
Write ShapeDB Complete: Time (s): cpu = 00:00:00 ; elapsed = 00:00:00.003 . Memory (MB): peak = 1561.879 ; gain = 0.000
INFO: [Common 17-1381] The checkpoint 'D:/University/CS/major-courses/dld/lab/reports/lab13/MyMarquee/MyMarquee.runs/synth_1/Top.dcp' has been generated.
INFO: [runtcl-4] Executing : report_utilization -file Top_utilization_synth.rpt -pb Top_utilization_synth.pb
INFO: [Common 17-206] Exiting Vivado at Thu May 30 15:29:09 2024...
