
*** Running vivado
    with args -log Top.vds -m64 -product Vivado -mode batch -messageDb vivado.pb -notrace -source Top.tcl


ECHO 处于关闭状态。
ECHO 处于关闭状态。

****** Vivado v2023.2 (64-bit)
  **** SW Build 4029153 on Fri Oct 13 20:14:34 MDT 2023
  **** IP Build 4028589 on Sat Oct 14 00:45:43 MDT 2023
  **** SharedData Build 4025554 on Tue Oct 10 17:18:54 MDT 2023
    ** Copyright 1986-2022 Xilinx, Inc. All Rights Reserved.
    ** Copyright 2022-2023 Advanced Micro Devices, Inc. All Rights Reserved.

source Top.tcl -notrace
create_project: Time (s): cpu = 00:00:05 ; elapsed = 00:00:14 . Memory (MB): peak = 485.887 ; gain = 182.836
Command: read_checkpoint -auto_incremental -incremental D:/University/CS/major-courses/dld/lab/lab11/MyALUTrans/MyALUTrans.srcs/utils_1/imports/synth_1/Top.dcp
INFO: [Vivado 12-5825] Read reference checkpoint from D:/University/CS/major-courses/dld/lab/lab11/MyALUTrans/MyALUTrans.srcs/utils_1/imports/synth_1/Top.dcp for incremental synthesis
INFO: [Vivado 12-7989] Please ensure there are no constraint changes
Command: synth_design -top Top -part xc7k160tffg676-2L
Starting synth_design
Attempting to get a license for feature 'Synthesis' and/or device 'xc7k160t'
INFO: [Common 17-349] Got license for feature 'Synthesis' and/or device 'xc7k160t'
INFO: [Device 21-403] Loading part xc7k160tffg676-2L
INFO: [Designutils 20-5440] No compile time benefit to using incremental synthesis; A full resynthesis will be run
INFO: [Designutils 20-4379] Flow is switching to default flow due to incremental criteria not met. If you would like to alter this behaviour and have the flow terminate instead, please set the following parameter config_implementation {autoIncr.Synth.RejectBehavior Terminate}
INFO: [Synth 8-7079] Multithreading enabled for synth_design using a maximum of 2 processes.
INFO: [Synth 8-7078] Launching helper process for spawning children vivado processes
INFO: [Synth 8-7075] Helper process launched with PID 25588
---------------------------------------------------------------------------------
Starting RTL Elaboration : Time (s): cpu = 00:00:05 ; elapsed = 00:00:12 . Memory (MB): peak = 1349.746 ; gain = 440.398
---------------------------------------------------------------------------------
INFO: [Synth 8-11241] undeclared symbol 'a', assumed default net type 'wire' [D:/University/CS/major-courses/dld/lab/reports/lab8/attachment-seg/attachment-seg/SSeg_Dev/Hex2Seg.v:11]
INFO: [Synth 8-11241] undeclared symbol 'b', assumed default net type 'wire' [D:/University/CS/major-courses/dld/lab/reports/lab8/attachment-seg/attachment-seg/SSeg_Dev/Hex2Seg.v:11]
INFO: [Synth 8-11241] undeclared symbol 'c', assumed default net type 'wire' [D:/University/CS/major-courses/dld/lab/reports/lab8/attachment-seg/attachment-seg/SSeg_Dev/Hex2Seg.v:11]
INFO: [Synth 8-11241] undeclared symbol 'd', assumed default net type 'wire' [D:/University/CS/major-courses/dld/lab/reports/lab8/attachment-seg/attachment-seg/SSeg_Dev/Hex2Seg.v:11]
INFO: [Synth 8-11241] undeclared symbol 'e', assumed default net type 'wire' [D:/University/CS/major-courses/dld/lab/reports/lab8/attachment-seg/attachment-seg/SSeg_Dev/Hex2Seg.v:11]
INFO: [Synth 8-11241] undeclared symbol 'f', assumed default net type 'wire' [D:/University/CS/major-courses/dld/lab/reports/lab8/attachment-seg/attachment-seg/SSeg_Dev/Hex2Seg.v:11]
INFO: [Synth 8-11241] undeclared symbol 'g', assumed default net type 'wire' [D:/University/CS/major-courses/dld/lab/reports/lab8/attachment-seg/attachment-seg/SSeg_Dev/Hex2Seg.v:11]
INFO: [Synth 8-11241] undeclared symbol 'p', assumed default net type 'wire' [D:/University/CS/major-courses/dld/lab/reports/lab8/attachment-seg/attachment-seg/SSeg_Dev/Hex2Seg.v:11]
INFO: [Synth 8-6157] synthesizing module 'Top' [D:/University/CS/major-courses/dld/lab/lab11/MyALUTrans/MyALUTrans.srcs/sources_1/new/Top.v:1]
INFO: [Synth 8-6157] synthesizing module 'clkdiv' [D:/University/CS/major-courses/dld/lab/reports/lab7/lab7/DisplayNumber/verilog/circuit/clkdiv.v:1]
INFO: [Synth 8-6155] done synthesizing module 'clkdiv' (0#1) [D:/University/CS/major-courses/dld/lab/reports/lab7/lab7/DisplayNumber/verilog/circuit/clkdiv.v:1]
INFO: [Synth 8-6157] synthesizing module 'pbdebounce' [D:/University/CS/major-courses/dld/lab/lab11/MyALUTrans/MyALUTrans.srcs/sources_1/new/pdbebounce.v:1]
INFO: [Synth 8-6155] done synthesizing module 'pbdebounce' (0#1) [D:/University/CS/major-courses/dld/lab/lab11/MyALUTrans/MyALUTrans.srcs/sources_1/new/pdbebounce.v:1]
INFO: [Synth 8-6157] synthesizing module 'AddSub4b' [D:/University/CS/major-courses/dld/lab/reports/lab8/lab8/ALU/verilog/circuit/AddSub4b.v:9]
INFO: [Synth 8-6157] synthesizing module 'XOR_GATE_ONEHOT' [D:/University/CS/major-courses/dld/lab/reports/lab8/lab8/ALU/verilog/gates/XOR_GATE_ONEHOT.v:9]
	Parameter BubblesMask bound to: 65'b00000000000000000000000000000000000000000000000000000000000000000 
INFO: [Synth 8-6155] done synthesizing module 'XOR_GATE_ONEHOT' (0#1) [D:/University/CS/major-courses/dld/lab/reports/lab8/lab8/ALU/verilog/gates/XOR_GATE_ONEHOT.v:9]
INFO: [Synth 8-6157] synthesizing module 'Adder1b' [D:/University/CS/major-courses/dld/lab/reports/lab8/lab8/ALU/verilog/circuit/Adder1b.v:9]
INFO: [Synth 8-6157] synthesizing module 'AND_GATE' [D:/University/CS/major-courses/dld/lab/reports/lab8/lab8/ALU/verilog/gates/AND_GATE.v:9]
	Parameter BubblesMask bound to: 65'b00000000000000000000000000000000000000000000000000000000000000000 
INFO: [Synth 8-6155] done synthesizing module 'AND_GATE' (0#1) [D:/University/CS/major-courses/dld/lab/reports/lab8/lab8/ALU/verilog/gates/AND_GATE.v:9]
INFO: [Synth 8-6157] synthesizing module 'OR_GATE_3_INPUTS' [D:/University/CS/major-courses/dld/lab/reports/lab8/lab8/ALU/verilog/gates/OR_GATE_3_INPUTS.v:9]
	Parameter BubblesMask bound to: 65'b00000000000000000000000000000000000000000000000000000000000000000 
INFO: [Synth 8-6155] done synthesizing module 'OR_GATE_3_INPUTS' (0#1) [D:/University/CS/major-courses/dld/lab/reports/lab8/lab8/ALU/verilog/gates/OR_GATE_3_INPUTS.v:9]
INFO: [Synth 8-6155] done synthesizing module 'Adder1b' (0#1) [D:/University/CS/major-courses/dld/lab/reports/lab8/lab8/ALU/verilog/circuit/Adder1b.v:9]
INFO: [Synth 8-6155] done synthesizing module 'AddSub4b' (0#1) [D:/University/CS/major-courses/dld/lab/reports/lab8/lab8/ALU/verilog/circuit/AddSub4b.v:9]
WARNING: [Synth 8-7071] port 'Cout' of module 'AddSub4b' is unconnected for instance 'm4' [D:/University/CS/major-courses/dld/lab/lab11/MyALUTrans/MyALUTrans.srcs/sources_1/new/Top.v:43]
WARNING: [Synth 8-7023] instance 'm4' of module 'AddSub4b' has 5 connections declared, but only 4 given [D:/University/CS/major-courses/dld/lab/lab11/MyALUTrans/MyALUTrans.srcs/sources_1/new/Top.v:43]
WARNING: [Synth 8-7071] port 'Cout' of module 'AddSub4b' is unconnected for instance 'm5' [D:/University/CS/major-courses/dld/lab/lab11/MyALUTrans/MyALUTrans.srcs/sources_1/new/Top.v:44]
WARNING: [Synth 8-7023] instance 'm5' of module 'AddSub4b' has 5 connections declared, but only 4 given [D:/University/CS/major-courses/dld/lab/lab11/MyALUTrans/MyALUTrans.srcs/sources_1/new/Top.v:44]
INFO: [Synth 8-6157] synthesizing module 'Mux4to1b4' [D:/University/CS/major-courses/dld/lab/reports/lab8/lab8/ALU/verilog/circuit/Mux4to1b4.v:9]
INFO: [Synth 8-6157] synthesizing module 'Mux4to1' [D:/University/CS/major-courses/dld/lab/reports/lab8/lab8/ALU/verilog/circuit/Mux4to1.v:9]
INFO: [Synth 8-6157] synthesizing module 'OR_GATE_4_INPUTS' [D:/University/CS/major-courses/dld/lab/reports/lab8/lab8/ALU/verilog/gates/OR_GATE_4_INPUTS.v:9]
	Parameter BubblesMask bound to: 65'b00000000000000000000000000000000000000000000000000000000000000000 
INFO: [Synth 8-6155] done synthesizing module 'OR_GATE_4_INPUTS' (0#1) [D:/University/CS/major-courses/dld/lab/reports/lab8/lab8/ALU/verilog/gates/OR_GATE_4_INPUTS.v:9]
INFO: [Synth 8-6155] done synthesizing module 'Mux4to1' (0#1) [D:/University/CS/major-courses/dld/lab/reports/lab8/lab8/ALU/verilog/circuit/Mux4to1.v:9]
INFO: [Synth 8-6155] done synthesizing module 'Mux4to1b4' (0#1) [D:/University/CS/major-courses/dld/lab/reports/lab8/lab8/ALU/verilog/circuit/Mux4to1b4.v:9]
INFO: [Synth 8-6157] synthesizing module 'ALU' [D:/University/CS/major-courses/dld/lab/reports/lab8/lab8/ALU/verilog/circuit/ALU.v:9]
INFO: [Synth 8-6157] synthesizing module 'And2b4' [D:/University/CS/major-courses/dld/lab/reports/lab8/lab8/ALU/verilog/circuit/And2b4.v:9]
INFO: [Synth 8-6155] done synthesizing module 'And2b4' (0#1) [D:/University/CS/major-courses/dld/lab/reports/lab8/lab8/ALU/verilog/circuit/And2b4.v:9]
INFO: [Synth 8-6157] synthesizing module 'Or2b4' [D:/University/CS/major-courses/dld/lab/reports/lab8/lab8/ALU/verilog/circuit/Or2b4.v:9]
INFO: [Synth 8-6157] synthesizing module 'OR_GATE' [D:/University/CS/major-courses/dld/lab/reports/lab8/lab8/ALU/verilog/gates/OR_GATE.v:9]
	Parameter BubblesMask bound to: 65'b00000000000000000000000000000000000000000000000000000000000000000 
INFO: [Synth 8-6155] done synthesizing module 'OR_GATE' (0#1) [D:/University/CS/major-courses/dld/lab/reports/lab8/lab8/ALU/verilog/gates/OR_GATE.v:9]
INFO: [Synth 8-6155] done synthesizing module 'Or2b4' (0#1) [D:/University/CS/major-courses/dld/lab/reports/lab8/lab8/ALU/verilog/circuit/Or2b4.v:9]
INFO: [Synth 8-6155] done synthesizing module 'ALU' (0#1) [D:/University/CS/major-courses/dld/lab/reports/lab8/lab8/ALU/verilog/circuit/ALU.v:9]
INFO: [Synth 8-6157] synthesizing module 'DisplayNumber' [D:/University/CS/major-courses/dld/lab/reports/lab7/lab7/DisplayNumber/verilog/circuit/DisplayNumber.v:9]
INFO: [Synth 8-6157] synthesizing module 'DisplaySync' [D:/University/CS/major-courses/dld/lab/reports/lab7/lab7/DisplayNumber/verilog/circuit/DisplaySync.v:9]
INFO: [Synth 8-6155] done synthesizing module 'DisplaySync' (0#1) [D:/University/CS/major-courses/dld/lab/reports/lab7/lab7/DisplayNumber/verilog/circuit/DisplaySync.v:9]
INFO: [Synth 8-6157] synthesizing module 'MyMC14495' [D:/University/CS/major-courses/dld/lab/reports/lab7/lab7/DisplayNumber/verilog/circuit/MyMC14495.v:9]
INFO: [Synth 8-6157] synthesizing module 'AND_GATE_3_INPUTS' [D:/University/CS/major-courses/dld/lab/reports/lab7/lab7/DisplayNumber/verilog/gates/AND_GATE_3_INPUTS.v:9]
	Parameter BubblesMask bound to: 65'b00000000000000000000000000000000000000000000000000000000000000000 
INFO: [Synth 8-6155] done synthesizing module 'AND_GATE_3_INPUTS' (0#1) [D:/University/CS/major-courses/dld/lab/reports/lab7/lab7/DisplayNumber/verilog/gates/AND_GATE_3_INPUTS.v:9]
INFO: [Synth 8-6157] synthesizing module 'AND_GATE_4_INPUTS' [D:/University/CS/major-courses/dld/lab/reports/lab7/lab7/DisplayNumber/verilog/gates/AND_GATE_4_INPUTS.v:9]
	Parameter BubblesMask bound to: 65'b00000000000000000000000000000000000000000000000000000000000000000 
INFO: [Synth 8-6155] done synthesizing module 'AND_GATE_4_INPUTS' (0#1) [D:/University/CS/major-courses/dld/lab/reports/lab7/lab7/DisplayNumber/verilog/gates/AND_GATE_4_INPUTS.v:9]
INFO: [Synth 8-6155] done synthesizing module 'MyMC14495' (0#1) [D:/University/CS/major-courses/dld/lab/reports/lab7/lab7/DisplayNumber/verilog/circuit/MyMC14495.v:9]
INFO: [Synth 8-6155] done synthesizing module 'DisplayNumber' (0#1) [D:/University/CS/major-courses/dld/lab/reports/lab7/lab7/DisplayNumber/verilog/circuit/DisplayNumber.v:9]
INFO: [Synth 8-6157] synthesizing module 'SSeg_Dev' [D:/University/CS/major-courses/dld/lab/reports/lab8/attachment-seg/attachment-seg/SSeg_Dev/SSeg_Dev.v:1]
INFO: [Synth 8-6157] synthesizing module 'P2S' [D:/University/CS/major-courses/dld/lab/reports/lab8/attachment-seg/attachment-seg/P2S_io.v:1]
INFO: [Synth 8-6155] done synthesizing module 'P2S' (0#1) [D:/University/CS/major-courses/dld/lab/reports/lab8/attachment-seg/attachment-seg/P2S_io.v:1]
INFO: [Synth 8-6157] synthesizing module 'HexTo8SEG' [D:/University/CS/major-courses/dld/lab/reports/lab8/attachment-seg/attachment-seg/SSeg_Dev/HexTo8SEG.v:3]
INFO: [Synth 8-6157] synthesizing module 'Hex2Seg' [D:/University/CS/major-courses/dld/lab/reports/lab8/attachment-seg/attachment-seg/SSeg_Dev/Hex2Seg.v:3]
INFO: [Synth 8-6155] done synthesizing module 'Hex2Seg' (0#1) [D:/University/CS/major-courses/dld/lab/reports/lab8/attachment-seg/attachment-seg/SSeg_Dev/Hex2Seg.v:3]
INFO: [Synth 8-6155] done synthesizing module 'HexTo8SEG' (0#1) [D:/University/CS/major-courses/dld/lab/reports/lab8/attachment-seg/attachment-seg/SSeg_Dev/HexTo8SEG.v:3]
INFO: [Synth 8-6155] done synthesizing module 'SSeg_Dev' (0#1) [D:/University/CS/major-courses/dld/lab/reports/lab8/attachment-seg/attachment-seg/SSeg_Dev/SSeg_Dev.v:1]
INFO: [Synth 8-6155] done synthesizing module 'Top' (0#1) [D:/University/CS/major-courses/dld/lab/lab11/MyALUTrans/MyALUTrans.srcs/sources_1/new/Top.v:1]
WARNING: [Synth 8-7129] Port BTN_Y[3] in module Top is either unconnected or has no load
WARNING: [Synth 8-7129] Port SW[14] in module Top is either unconnected or has no load
WARNING: [Synth 8-7129] Port SW[13] in module Top is either unconnected or has no load
WARNING: [Synth 8-7129] Port SW[12] in module Top is either unconnected or has no load
WARNING: [Synth 8-7129] Port SW[11] in module Top is either unconnected or has no load
WARNING: [Synth 8-7129] Port SW[10] in module Top is either unconnected or has no load
WARNING: [Synth 8-7129] Port SW[9] in module Top is either unconnected or has no load
WARNING: [Synth 8-7129] Port SW[8] in module Top is either unconnected or has no load
WARNING: [Synth 8-7129] Port SW[7] in module Top is either unconnected or has no load
WARNING: [Synth 8-7129] Port SW[6] in module Top is either unconnected or has no load
---------------------------------------------------------------------------------
Finished RTL Elaboration : Time (s): cpu = 00:00:07 ; elapsed = 00:00:17 . Memory (MB): peak = 1458.703 ; gain = 549.355
---------------------------------------------------------------------------------
---------------------------------------------------------------------------------
Start Handling Custom Attributes
---------------------------------------------------------------------------------
---------------------------------------------------------------------------------
Finished Handling Custom Attributes : Time (s): cpu = 00:00:07 ; elapsed = 00:00:17 . Memory (MB): peak = 1458.703 ; gain = 549.355
---------------------------------------------------------------------------------
---------------------------------------------------------------------------------
Finished RTL Optimization Phase 1 : Time (s): cpu = 00:00:07 ; elapsed = 00:00:17 . Memory (MB): peak = 1458.703 ; gain = 549.355
---------------------------------------------------------------------------------
Netlist sorting complete. Time (s): cpu = 00:00:00 ; elapsed = 00:00:00.018 . Memory (MB): peak = 1458.703 ; gain = 0.000
INFO: [Project 1-570] Preparing netlist for logic optimization

Processing XDC Constraints
Initializing timing engine
Parsing XDC File [D:/University/CS/major-courses/dld/lab/lab11/MyALUTrans/MyALUTrans.srcs/constrs_1/new/constraints.xdc]
Finished Parsing XDC File [D:/University/CS/major-courses/dld/lab/lab11/MyALUTrans/MyALUTrans.srcs/constrs_1/new/constraints.xdc]
INFO: [Project 1-236] Implementation specific constraints were found while reading constraint file [D:/University/CS/major-courses/dld/lab/lab11/MyALUTrans/MyALUTrans.srcs/constrs_1/new/constraints.xdc]. These constraints will be ignored for synthesis but will be used in implementation. Impacted constraints are listed in the file [.Xil/Top_propImpl.xdc].
Resolution: To avoid this warning, move constraints listed in [.Xil/Top_propImpl.xdc] to another XDC file and exclude this new file from synthesis with the used_in_synthesis property (File Properties dialog in GUI) and re-run elaboration/synthesis.
Completed Processing XDC Constraints

Netlist sorting complete. Time (s): cpu = 00:00:00 ; elapsed = 00:00:00.005 . Memory (MB): peak = 1483.953 ; gain = 0.000
INFO: [Project 1-111] Unisim Transformation Summary:
No Unisim elements were transformed.

系统找不到指定的路径。
Constraint Validation Runtime : Time (s): cpu = 00:00:00 ; elapsed = 00:00:00.016 . Memory (MB): peak = 1483.953 ; gain = 0.000
INFO: [Designutils 20-5440] No compile time benefit to using incremental synthesis; A full resynthesis will be run
INFO: [Designutils 20-4379] Flow is switching to default flow due to incremental criteria not met. If you would like to alter this behaviour and have the flow terminate instead, please set the following parameter config_implementation {autoIncr.Synth.RejectBehavior Terminate}
---------------------------------------------------------------------------------
Finished Constraint Validation : Time (s): cpu = 00:00:13 ; elapsed = 00:00:36 . Memory (MB): peak = 1483.953 ; gain = 574.605
---------------------------------------------------------------------------------
---------------------------------------------------------------------------------
Start Loading Part and Timing Information
---------------------------------------------------------------------------------
Loading part: xc7k160tffg676-2L
---------------------------------------------------------------------------------
Finished Loading Part and Timing Information : Time (s): cpu = 00:00:13 ; elapsed = 00:00:36 . Memory (MB): peak = 1483.953 ; gain = 574.605
---------------------------------------------------------------------------------
---------------------------------------------------------------------------------
Start Applying 'set_property' XDC Constraints
---------------------------------------------------------------------------------
---------------------------------------------------------------------------------
Finished applying 'set_property' XDC Constraints : Time (s): cpu = 00:00:14 ; elapsed = 00:00:36 . Memory (MB): peak = 1483.953 ; gain = 574.605
---------------------------------------------------------------------------------
---------------------------------------------------------------------------------
Finished RTL Optimization Phase 2 : Time (s): cpu = 00:00:14 ; elapsed = 00:00:36 . Memory (MB): peak = 1483.953 ; gain = 574.605
---------------------------------------------------------------------------------
---------------------------------------------------------------------------------
Start RTL Component Statistics 
---------------------------------------------------------------------------------
Detailed RTL Component Info : 
+---Registers : 
	                8 Bit    Registers := 3     
	                4 Bit    Registers := 3     
	                1 Bit    Registers := 3     
+---Muxes : 
	   2 Input    4 Bit        Muxes := 3     
	   2 Input    1 Bit        Muxes := 6     
---------------------------------------------------------------------------------
Finished RTL Component Statistics 
---------------------------------------------------------------------------------
---------------------------------------------------------------------------------
Start Part Resource Summary
---------------------------------------------------------------------------------
Part Resources:
DSPs: 600 (col length:100)
BRAMs: 650 (col length: RAMB18 100 RAMB36 50)
---------------------------------------------------------------------------------
Finished Part Resource Summary
---------------------------------------------------------------------------------
---------------------------------------------------------------------------------
Start Cross Boundary and Area Optimization
---------------------------------------------------------------------------------
WARNING: [Synth 8-7080] Parallel synthesis criteria is not met
WARNING: [Synth 8-3936] Found unconnected internal register 'm1/pbshift_reg' and it is trimmed from '8' to '7' bits. [D:/University/CS/major-courses/dld/lab/lab11/MyALUTrans/MyALUTrans.srcs/sources_1/new/pdbebounce.v:10]
WARNING: [Synth 8-3936] Found unconnected internal register 'm2/pbshift_reg' and it is trimmed from '8' to '7' bits. [D:/University/CS/major-courses/dld/lab/lab11/MyALUTrans/MyALUTrans.srcs/sources_1/new/pdbebounce.v:10]
WARNING: [Synth 8-3936] Found unconnected internal register 'm3/pbshift_reg' and it is trimmed from '8' to '7' bits. [D:/University/CS/major-courses/dld/lab/lab11/MyALUTrans/MyALUTrans.srcs/sources_1/new/pdbebounce.v:10]
WARNING: [Synth 8-7129] Port BTN_Y[3] in module Top is either unconnected or has no load
WARNING: [Synth 8-7129] Port SW[14] in module Top is either unconnected or has no load
WARNING: [Synth 8-7129] Port SW[13] in module Top is either unconnected or has no load
WARNING: [Synth 8-7129] Port SW[12] in module Top is either unconnected or has no load
WARNING: [Synth 8-7129] Port SW[11] in module Top is either unconnected or has no load
WARNING: [Synth 8-7129] Port SW[10] in module Top is either unconnected or has no load
WARNING: [Synth 8-7129] Port SW[9] in module Top is either unconnected or has no load
WARNING: [Synth 8-7129] Port SW[8] in module Top is either unconnected or has no load
WARNING: [Synth 8-7129] Port SW[7] in module Top is either unconnected or has no load
WARNING: [Synth 8-7129] Port SW[6] in module Top is either unconnected or has no load
---------------------------------------------------------------------------------
Finished Cross Boundary and Area Optimization : Time (s): cpu = 00:00:16 ; elapsed = 00:00:43 . Memory (MB): peak = 1483.953 ; gain = 574.605
---------------------------------------------------------------------------------
---------------------------------------------------------------------------------
Start Applying XDC Timing Constraints
---------------------------------------------------------------------------------
---------------------------------------------------------------------------------
Finished Applying XDC Timing Constraints : Time (s): cpu = 00:00:19 ; elapsed = 00:00:55 . Memory (MB): peak = 1483.953 ; gain = 574.605
---------------------------------------------------------------------------------
---------------------------------------------------------------------------------
Start Timing Optimization
---------------------------------------------------------------------------------
---------------------------------------------------------------------------------
Finished Timing Optimization : Time (s): cpu = 00:00:20 ; elapsed = 00:00:57 . Memory (MB): peak = 1483.953 ; gain = 574.605
---------------------------------------------------------------------------------
---------------------------------------------------------------------------------
Start Technology Mapping
---------------------------------------------------------------------------------
---------------------------------------------------------------------------------
Finished Technology Mapping : Time (s): cpu = 00:00:20 ; elapsed = 00:00:57 . Memory (MB): peak = 1483.953 ; gain = 574.605
---------------------------------------------------------------------------------
---------------------------------------------------------------------------------
Start IO Insertion
---------------------------------------------------------------------------------
---------------------------------------------------------------------------------
Start Flattening Before IO Insertion
---------------------------------------------------------------------------------
---------------------------------------------------------------------------------
Finished Flattening Before IO Insertion
---------------------------------------------------------------------------------
---------------------------------------------------------------------------------
Start Final Netlist Cleanup
---------------------------------------------------------------------------------
---------------------------------------------------------------------------------
Finished Final Netlist Cleanup
---------------------------------------------------------------------------------
---------------------------------------------------------------------------------
Finished IO Insertion : Time (s): cpu = 00:00:23 ; elapsed = 00:01:07 . Memory (MB): peak = 1483.953 ; gain = 574.605
---------------------------------------------------------------------------------
---------------------------------------------------------------------------------
Start Renaming Generated Instances
---------------------------------------------------------------------------------
---------------------------------------------------------------------------------
Finished Renaming Generated Instances : Time (s): cpu = 00:00:23 ; elapsed = 00:01:07 . Memory (MB): peak = 1483.953 ; gain = 574.605
---------------------------------------------------------------------------------
---------------------------------------------------------------------------------
Start Rebuilding User Hierarchy
---------------------------------------------------------------------------------
---------------------------------------------------------------------------------
Finished Rebuilding User Hierarchy : Time (s): cpu = 00:00:23 ; elapsed = 00:01:07 . Memory (MB): peak = 1483.953 ; gain = 574.605
---------------------------------------------------------------------------------
---------------------------------------------------------------------------------
Start Renaming Generated Ports
---------------------------------------------------------------------------------
---------------------------------------------------------------------------------
Finished Renaming Generated Ports : Time (s): cpu = 00:00:23 ; elapsed = 00:01:07 . Memory (MB): peak = 1483.953 ; gain = 574.605
---------------------------------------------------------------------------------
---------------------------------------------------------------------------------
Start Handling Custom Attributes
---------------------------------------------------------------------------------
---------------------------------------------------------------------------------
Finished Handling Custom Attributes : Time (s): cpu = 00:00:23 ; elapsed = 00:01:07 . Memory (MB): peak = 1483.953 ; gain = 574.605
---------------------------------------------------------------------------------
---------------------------------------------------------------------------------
Start Renaming Generated Nets
---------------------------------------------------------------------------------
---------------------------------------------------------------------------------
Finished Renaming Generated Nets : Time (s): cpu = 00:00:23 ; elapsed = 00:01:07 . Memory (MB): peak = 1483.953 ; gain = 574.605
---------------------------------------------------------------------------------
---------------------------------------------------------------------------------
Start Writing Synthesis Report
---------------------------------------------------------------------------------

Report BlackBoxes: 
+------+--------------+----------+
|      |BlackBox name |Instances |
+------+--------------+----------+
|1     |P2S           |         1|
+------+--------------+----------+

Report Cell Usage: 
+------+-------+------+
|      |Cell   |Count |
+------+-------+------+
|1     |P2S    |     1|
|2     |BUFG   |     2|
|3     |CARRY4 |     6|
|4     |LUT1   |     1|
|5     |LUT2   |     5|
|6     |LUT3   |     5|
|7     |LUT4   |    47|
|8     |LUT5   |    11|
|9     |LUT6   |    23|
|10    |FDRE   |    57|
|11    |IBUF   |    11|
|12    |OBUF   |    16|
+------+-------+------+
---------------------------------------------------------------------------------
Finished Writing Synthesis Report : Time (s): cpu = 00:00:23 ; elapsed = 00:01:07 . Memory (MB): peak = 1483.953 ; gain = 574.605
---------------------------------------------------------------------------------
Synthesis finished with 0 errors, 0 critical warnings and 14 warnings.
Synthesis Optimization Runtime : Time (s): cpu = 00:00:14 ; elapsed = 00:01:02 . Memory (MB): peak = 1483.953 ; gain = 549.355
Synthesis Optimization Complete : Time (s): cpu = 00:00:23 ; elapsed = 00:01:07 . Memory (MB): peak = 1483.953 ; gain = 574.605
INFO: [Project 1-571] Translating synthesized netlist
Parsing EDIF File [D:/University/CS/major-courses/dld/lab/reports/lab8/attachment-seg/attachment-seg/P2S.edf]
Finished Parsing EDIF File [D:/University/CS/major-courses/dld/lab/reports/lab8/attachment-seg/attachment-seg/P2S.edf]
Netlist sorting complete. Time (s): cpu = 00:00:00 ; elapsed = 00:00:00.004 . Memory (MB): peak = 1490.125 ; gain = 0.000
INFO: [Netlist 29-17] Analyzing 6 Unisim elements for replacement
INFO: [Netlist 29-28] Unisim Transformation completed in 0 CPU seconds
INFO: [Project 1-479] Netlist was created with Vivado 2022.2
INFO: [Project 1-570] Preparing netlist for logic optimization
WARNING: [Opt 31-32] Removing redundant IBUF since it is not being driven by a top-level port. m9/M2/P_Data_IBUF[0]_inst 
Resolution: The tool has removed redundant IBUF. To resolve this warning, check for redundant IBUF in the input design.
WARNING: [Opt 31-32] Removing redundant IBUF since it is not being driven by a top-level port. m9/M2/P_Data_IBUF[10]_inst 
Resolution: The tool has removed redundant IBUF. To resolve this warning, check for redundant IBUF in the input design.
WARNING: [Opt 31-32] Removing redundant IBUF since it is not being driven by a top-level port. m9/M2/P_Data_IBUF[11]_inst 
Resolution: The tool has removed redundant IBUF. To resolve this warning, check for redundant IBUF in the input design.
WARNING: [Opt 31-32] Removing redundant IBUF since it is not being driven by a top-level port. m9/M2/P_Data_IBUF[12]_inst 
Resolution: The tool has removed redundant IBUF. To resolve this warning, check for redundant IBUF in the input design.
WARNING: [Opt 31-32] Removing redundant IBUF since it is not being driven by a top-level port. m9/M2/P_Data_IBUF[13]_inst 
Resolution: The tool has removed redundant IBUF. To resolve this warning, check for redundant IBUF in the input design.
WARNING: [Opt 31-32] Removing redundant IBUF since it is not being driven by a top-level port. m9/M2/P_Data_IBUF[14]_inst 
Resolution: The tool has removed redundant IBUF. To resolve this warning, check for redundant IBUF in the input design.
WARNING: [Opt 31-32] Removing redundant IBUF since it is not being driven by a top-level port. m9/M2/P_Data_IBUF[15]_inst 
Resolution: The tool has removed redundant IBUF. To resolve this warning, check for redundant IBUF in the input design.
WARNING: [Opt 31-32] Removing redundant IBUF since it is not being driven by a top-level port. m9/M2/P_Data_IBUF[16]_inst 
Resolution: The tool has removed redundant IBUF. To resolve this warning, check for redundant IBUF in the input design.
WARNING: [Opt 31-32] Removing redundant IBUF since it is not being driven by a top-level port. m9/M2/P_Data_IBUF[17]_inst 
Resolution: The tool has removed redundant IBUF. To resolve this warning, check for redundant IBUF in the input design.
WARNING: [Opt 31-32] Removing redundant IBUF since it is not being driven by a top-level port. m9/M2/P_Data_IBUF[18]_inst 
Resolution: The tool has removed redundant IBUF. To resolve this warning, check for redundant IBUF in the input design.
WARNING: [Opt 31-32] Removing redundant IBUF since it is not being driven by a top-level port. m9/M2/P_Data_IBUF[19]_inst 
Resolution: The tool has removed redundant IBUF. To resolve this warning, check for redundant IBUF in the input design.
WARNING: [Opt 31-32] Removing redundant IBUF since it is not being driven by a top-level port. m9/M2/P_Data_IBUF[1]_inst 
Resolution: The tool has removed redundant IBUF. To resolve this warning, check for redundant IBUF in the input design.
WARNING: [Opt 31-32] Removing redundant IBUF since it is not being driven by a top-level port. m9/M2/P_Data_IBUF[20]_inst 
Resolution: The tool has removed redundant IBUF. To resolve this warning, check for redundant IBUF in the input design.
WARNING: [Opt 31-32] Removing redundant IBUF since it is not being driven by a top-level port. m9/M2/P_Data_IBUF[21]_inst 
Resolution: The tool has removed redundant IBUF. To resolve this warning, check for redundant IBUF in the input design.
WARNING: [Opt 31-32] Removing redundant IBUF since it is not being driven by a top-level port. m9/M2/P_Data_IBUF[22]_inst 
Resolution: The tool has removed redundant IBUF. To resolve this warning, check for redundant IBUF in the input design.
WARNING: [Opt 31-32] Removing redundant IBUF since it is not being driven by a top-level port. m9/M2/P_Data_IBUF[23]_inst 
Resolution: The tool has removed redundant IBUF. To resolve this warning, check for redundant IBUF in the input design.
WARNING: [Opt 31-32] Removing redundant IBUF since it is not being driven by a top-level port. m9/M2/P_Data_IBUF[24]_inst 
Resolution: The tool has removed redundant IBUF. To resolve this warning, check for redundant IBUF in the input design.
WARNING: [Opt 31-32] Removing redundant IBUF since it is not being driven by a top-level port. m9/M2/P_Data_IBUF[25]_inst 
Resolution: The tool has removed redundant IBUF. To resolve this warning, check for redundant IBUF in the input design.
WARNING: [Opt 31-32] Removing redundant IBUF since it is not being driven by a top-level port. m9/M2/P_Data_IBUF[26]_inst 
Resolution: The tool has removed redundant IBUF. To resolve this warning, check for redundant IBUF in the input design.
WARNING: [Opt 31-32] Removing redundant IBUF since it is not being driven by a top-level port. m9/M2/P_Data_IBUF[27]_inst 
Resolution: The tool has removed redundant IBUF. To resolve this warning, check for redundant IBUF in the input design.
WARNING: [Opt 31-32] Removing redundant IBUF since it is not being driven by a top-level port. m9/M2/P_Data_IBUF[28]_inst 
Resolution: The tool has removed redundant IBUF. To resolve this warning, check for redundant IBUF in the input design.
WARNING: [Opt 31-32] Removing redundant IBUF since it is not being driven by a top-level port. m9/M2/P_Data_IBUF[29]_inst 
Resolution: The tool has removed redundant IBUF. To resolve this warning, check for redundant IBUF in the input design.
WARNING: [Opt 31-32] Removing redundant IBUF since it is not being driven by a top-level port. m9/M2/P_Data_IBUF[2]_inst 
Resolution: The tool has removed redundant IBUF. To resolve this warning, check for redundant IBUF in the input design.
WARNING: [Opt 31-32] Removing redundant IBUF since it is not being driven by a top-level port. m9/M2/P_Data_IBUF[30]_inst 
Resolution: The tool has removed redundant IBUF. To resolve this warning, check for redundant IBUF in the input design.
WARNING: [Opt 31-32] Removing redundant IBUF since it is not being driven by a top-level port. m9/M2/P_Data_IBUF[31]_inst 
Resolution: The tool has removed redundant IBUF. To resolve this warning, check for redundant IBUF in the input design.
WARNING: [Opt 31-32] Removing redundant IBUF since it is not being driven by a top-level port. m9/M2/P_Data_IBUF[32]_inst 
Resolution: The tool has removed redundant IBUF. To resolve this warning, check for redundant IBUF in the input design.
WARNING: [Opt 31-32] Removing redundant IBUF since it is not being driven by a top-level port. m9/M2/P_Data_IBUF[33]_inst 
Resolution: The tool has removed redundant IBUF. To resolve this warning, check for redundant IBUF in the input design.
WARNING: [Opt 31-32] Removing redundant IBUF since it is not being driven by a top-level port. m9/M2/P_Data_IBUF[34]_inst 
Resolution: The tool has removed redundant IBUF. To resolve this warning, check for redundant IBUF in the input design.
WARNING: [Opt 31-32] Removing redundant IBUF since it is not being driven by a top-level port. m9/M2/P_Data_IBUF[35]_inst 
Resolution: The tool has removed redundant IBUF. To resolve this warning, check for redundant IBUF in the input design.
WARNING: [Opt 31-32] Removing redundant IBUF since it is not being driven by a top-level port. m9/M2/P_Data_IBUF[36]_inst 
Resolution: The tool has removed redundant IBUF. To resolve this warning, check for redundant IBUF in the input design.
WARNING: [Opt 31-32] Removing redundant IBUF since it is not being driven by a top-level port. m9/M2/P_Data_IBUF[37]_inst 
Resolution: The tool has removed redundant IBUF. To resolve this warning, check for redundant IBUF in the input design.
WARNING: [Opt 31-32] Removing redundant IBUF since it is not being driven by a top-level port. m9/M2/P_Data_IBUF[38]_inst 
Resolution: The tool has removed redundant IBUF. To resolve this warning, check for redundant IBUF in the input design.
WARNING: [Opt 31-32] Removing redundant IBUF since it is not being driven by a top-level port. m9/M2/P_Data_IBUF[39]_inst 
Resolution: The tool has removed redundant IBUF. To resolve this warning, check for redundant IBUF in the input design.
WARNING: [Opt 31-32] Removing redundant IBUF since it is not being driven by a top-level port. m9/M2/P_Data_IBUF[3]_inst 
Resolution: The tool has removed redundant IBUF. To resolve this warning, check for redundant IBUF in the input design.
WARNING: [Opt 31-32] Removing redundant IBUF since it is not being driven by a top-level port. m9/M2/P_Data_IBUF[40]_inst 
Resolution: The tool has removed redundant IBUF. To resolve this warning, check for redundant IBUF in the input design.
WARNING: [Opt 31-32] Removing redundant IBUF since it is not being driven by a top-level port. m9/M2/P_Data_IBUF[41]_inst 
Resolution: The tool has removed redundant IBUF. To resolve this warning, check for redundant IBUF in the input design.
WARNING: [Opt 31-32] Removing redundant IBUF since it is not being driven by a top-level port. m9/M2/P_Data_IBUF[42]_inst 
Resolution: The tool has removed redundant IBUF. To resolve this warning, check for redundant IBUF in the input design.
WARNING: [Opt 31-32] Removing redundant IBUF since it is not being driven by a top-level port. m9/M2/P_Data_IBUF[43]_inst 
Resolution: The tool has removed redundant IBUF. To resolve this warning, check for redundant IBUF in the input design.
WARNING: [Opt 31-32] Removing redundant IBUF since it is not being driven by a top-level port. m9/M2/P_Data_IBUF[44]_inst 
Resolution: The tool has removed redundant IBUF. To resolve this warning, check for redundant IBUF in the input design.
WARNING: [Opt 31-32] Removing redundant IBUF since it is not being driven by a top-level port. m9/M2/P_Data_IBUF[45]_inst 
Resolution: The tool has removed redundant IBUF. To resolve this warning, check for redundant IBUF in the input design.
WARNING: [Opt 31-32] Removing redundant IBUF since it is not being driven by a top-level port. m9/M2/P_Data_IBUF[46]_inst 
Resolution: The tool has removed redundant IBUF. To resolve this warning, check for redundant IBUF in the input design.
WARNING: [Opt 31-32] Removing redundant IBUF since it is not being driven by a top-level port. m9/M2/P_Data_IBUF[47]_inst 
Resolution: The tool has removed redundant IBUF. To resolve this warning, check for redundant IBUF in the input design.
WARNING: [Opt 31-32] Removing redundant IBUF since it is not being driven by a top-level port. m9/M2/P_Data_IBUF[48]_inst 
Resolution: The tool has removed redundant IBUF. To resolve this warning, check for redundant IBUF in the input design.
WARNING: [Opt 31-32] Removing redundant IBUF since it is not being driven by a top-level port. m9/M2/P_Data_IBUF[49]_inst 
Resolution: The tool has removed redundant IBUF. To resolve this warning, check for redundant IBUF in the input design.
WARNING: [Opt 31-32] Removing redundant IBUF since it is not being driven by a top-level port. m9/M2/P_Data_IBUF[4]_inst 
Resolution: The tool has removed redundant IBUF. To resolve this warning, check for redundant IBUF in the input design.
WARNING: [Opt 31-32] Removing redundant IBUF since it is not being driven by a top-level port. m9/M2/P_Data_IBUF[50]_inst 
Resolution: The tool has removed redundant IBUF. To resolve this warning, check for redundant IBUF in the input design.
WARNING: [Opt 31-32] Removing redundant IBUF since it is not being driven by a top-level port. m9/M2/P_Data_IBUF[51]_inst 
Resolution: The tool has removed redundant IBUF. To resolve this warning, check for redundant IBUF in the input design.
WARNING: [Opt 31-32] Removing redundant IBUF since it is not being driven by a top-level port. m9/M2/P_Data_IBUF[52]_inst 
Resolution: The tool has removed redundant IBUF. To resolve this warning, check for redundant IBUF in the input design.
WARNING: [Opt 31-32] Removing redundant IBUF since it is not being driven by a top-level port. m9/M2/P_Data_IBUF[53]_inst 
Resolution: The tool has removed redundant IBUF. To resolve this warning, check for redundant IBUF in the input design.
WARNING: [Opt 31-32] Removing redundant IBUF since it is not being driven by a top-level port. m9/M2/P_Data_IBUF[54]_inst 
Resolution: The tool has removed redundant IBUF. To resolve this warning, check for redundant IBUF in the input design.
WARNING: [Opt 31-32] Removing redundant IBUF since it is not being driven by a top-level port. m9/M2/P_Data_IBUF[55]_inst 
Resolution: The tool has removed redundant IBUF. To resolve this warning, check for redundant IBUF in the input design.
WARNING: [Opt 31-32] Removing redundant IBUF since it is not being driven by a top-level port. m9/M2/P_Data_IBUF[56]_inst 
Resolution: The tool has removed redundant IBUF. To resolve this warning, check for redundant IBUF in the input design.
WARNING: [Opt 31-32] Removing redundant IBUF since it is not being driven by a top-level port. m9/M2/P_Data_IBUF[57]_inst 
Resolution: The tool has removed redundant IBUF. To resolve this warning, check for redundant IBUF in the input design.
WARNING: [Opt 31-32] Removing redundant IBUF since it is not being driven by a top-level port. m9/M2/P_Data_IBUF[58]_inst 
Resolution: The tool has removed redundant IBUF. To resolve this warning, check for redundant IBUF in the input design.
WARNING: [Opt 31-32] Removing redundant IBUF since it is not being driven by a top-level port. m9/M2/P_Data_IBUF[59]_inst 
Resolution: The tool has removed redundant IBUF. To resolve this warning, check for redundant IBUF in the input design.
WARNING: [Opt 31-32] Removing redundant IBUF since it is not being driven by a top-level port. m9/M2/P_Data_IBUF[5]_inst 
Resolution: The tool has removed redundant IBUF. To resolve this warning, check for redundant IBUF in the input design.
WARNING: [Opt 31-32] Removing redundant IBUF since it is not being driven by a top-level port. m9/M2/P_Data_IBUF[60]_inst 
Resolution: The tool has removed redundant IBUF. To resolve this warning, check for redundant IBUF in the input design.
WARNING: [Opt 31-32] Removing redundant IBUF since it is not being driven by a top-level port. m9/M2/P_Data_IBUF[61]_inst 
Resolution: The tool has removed redundant IBUF. To resolve this warning, check for redundant IBUF in the input design.
WARNING: [Opt 31-32] Removing redundant IBUF since it is not being driven by a top-level port. m9/M2/P_Data_IBUF[62]_inst 
Resolution: The tool has removed redundant IBUF. To resolve this warning, check for redundant IBUF in the input design.
WARNING: [Opt 31-32] Removing redundant IBUF since it is not being driven by a top-level port. m9/M2/P_Data_IBUF[63]_inst 
Resolution: The tool has removed redundant IBUF. To resolve this warning, check for redundant IBUF in the input design.
WARNING: [Opt 31-32] Removing redundant IBUF since it is not being driven by a top-level port. m9/M2/P_Data_IBUF[6]_inst 
Resolution: The tool has removed redundant IBUF. To resolve this warning, check for redundant IBUF in the input design.
WARNING: [Opt 31-32] Removing redundant IBUF since it is not being driven by a top-level port. m9/M2/P_Data_IBUF[7]_inst 
Resolution: The tool has removed redundant IBUF. To resolve this warning, check for redundant IBUF in the input design.
WARNING: [Opt 31-32] Removing redundant IBUF since it is not being driven by a top-level port. m9/M2/P_Data_IBUF[8]_inst 
Resolution: The tool has removed redundant IBUF. To resolve this warning, check for redundant IBUF in the input design.
WARNING: [Opt 31-32] Removing redundant IBUF since it is not being driven by a top-level port. m9/M2/P_Data_IBUF[9]_inst 
Resolution: The tool has removed redundant IBUF. To resolve this warning, check for redundant IBUF in the input design.
WARNING: [Opt 31-32] Removing redundant IBUF since it is not being driven by a top-level port. m9/M2/Serial_IBUF_inst 
Resolution: The tool has removed redundant IBUF. To resolve this warning, check for redundant IBUF in the input design.
WARNING: [Opt 31-32] Removing redundant IBUF since it is not being driven by a top-level port. m9/M2/clk_IBUF_inst 
Resolution: The tool has removed redundant IBUF. To resolve this warning, check for redundant IBUF in the input design.
WARNING: [Opt 31-32] Removing redundant IBUF since it is not being driven by a top-level port. m9/M2/rst_IBUF_inst 
Resolution: The tool has removed redundant IBUF. To resolve this warning, check for redundant IBUF in the input design.
WARNING: [Opt 31-36] Removing redundant OBUF, SEG_PEN_OBUF_inst, from the path connected to top-level port: SEG_PEN 
Resolution: The tool has removed redundant OBUF. To resolve this warning, check for redundant OBUF in the input design.
WARNING: [Opt 31-36] Removing redundant OBUF, seg_sout_OBUF_inst, from the path connected to top-level port: seg_sout 
Resolution: The tool has removed redundant OBUF. To resolve this warning, check for redundant OBUF in the input design.
WARNING: [Opt 31-36] Removing redundant OBUF, seg_clrn_OBUF_inst, from the path connected to top-level port: seg_clrn 
Resolution: The tool has removed redundant OBUF. To resolve this warning, check for redundant OBUF in the input design.
WARNING: [Opt 31-36] Removing redundant OBUF, seg_clk_OBUF_inst, from the path connected to top-level port: seg_clk 
Resolution: The tool has removed redundant OBUF. To resolve this warning, check for redundant OBUF in the input design.
INFO: [Opt 31-138] Pushed 0 inverter(s) to 0 load pin(s).
Netlist sorting complete. Time (s): cpu = 00:00:00 ; elapsed = 00:00:00 . Memory (MB): peak = 1505.492 ; gain = 0.000
INFO: [Project 1-111] Unisim Transformation Summary:
No Unisim elements were transformed.

系统找不到指定的路径。
Synth Design complete | Checksum: 826a6864
INFO: [Common 17-83] Releasing license: Synthesis
78 Infos, 99 Warnings, 0 Critical Warnings and 0 Errors encountered.
synth_design completed successfully
synth_design: Time (s): cpu = 00:00:26 ; elapsed = 00:01:19 . Memory (MB): peak = 1505.492 ; gain = 1016.594
Write ShapeDB Complete: Time (s): cpu = 00:00:00 ; elapsed = 00:00:00.002 . Memory (MB): peak = 1505.492 ; gain = 0.000
INFO: [Common 17-1381] The checkpoint 'D:/University/CS/major-courses/dld/lab/lab11/MyALUTrans/MyALUTrans.runs/synth_1/Top.dcp' has been generated.
INFO: [runtcl-4] Executing : report_utilization -file Top_utilization_synth.rpt -pb Top_utilization_synth.pb
INFO: [Common 17-206] Exiting Vivado at Thu May 16 16:42:08 2024...
